D:\sources\Lekmod_git\checkout\LEKMOD_DLL\\BuildOutput\VS2013_DebugWin32\CvGameCore_Expansion2.dll
D:\sources\Lekmod_git\checkout\LEKMOD_DLL\\BuildOutput\VS2013_DebugWin32\CvGameCore_Expansion2.pdb
D:\SOURCES\LEKMOD_GIT\CHECKOUT\LEKMOD_DLL\BUILDOUTPUT\VS2013_DEBUGWIN32\CVGAMECORE_EXPANSION2.DLL
D:\sources\Lekmod_git\checkout\LEKMOD_DLL\BuildOutput\VS2013_DebugWin32\CvGameCore_Expansion2.exp
D:\sources\Lekmod_git\checkout\LEKMOD_DLL\BuildOutput\VS2013_DebugWin32\CvGameCore_Expansion2.lib
D:\SOURCES\LEKMOD_GIT\CHECKOUT\LEKMOD_DLL\BUILDOUTPUT\VS2013_DEBUGWIN32\CVGAMECORE_EXPANSION2.PDB
D:\SOURCES\LEKMOD_GIT\CHECKOUT\LEKMOD_DLL\BUILDTEMP\VS2013_CVGAMECOREDLL_EXPANSION2DEBUGWIN32\_PRECOMPILE.ASM
D:\SOURCES\LEKMOD_GIT\CHECKOUT\LEKMOD_DLL\BUILDTEMP\VS2013_CVGAMECOREDLL_EXPANSION2DEBUGWIN32\_PRECOMPILE.OBJ
D:\sources\Lekmod_git\checkout\LEKMOD_DLL\BuildTemp\VS2013_CvGameCoreDLL_Expansion2DebugWin32\CL.18032.read.1.tlog
D:\sources\Lekmod_git\checkout\LEKMOD_DLL\BuildTemp\VS2013_CvGameCoreDLL_Expansion2DebugWin32\CL.18032.write.1.tlog
D:\sources\Lekmod_git\checkout\LEKMOD_DLL\BuildTemp\VS2013_CvGameCoreDLL_Expansion2DebugWin32\CL.18328.read.1.tlog
D:\sources\Lekmod_git\checkout\LEKMOD_DLL\BuildTemp\VS2013_CvGameCoreDLL_Expansion2DebugWin32\CL.18328.write.1.tlog
D:\sources\Lekmod_git\checkout\LEKMOD_DLL\BuildTemp\VS2013_CvGameCoreDLL_Expansion2DebugWin32\CL.18468.read.1.tlog
D:\sources\Lekmod_git\checkout\LEKMOD_DLL\BuildTemp\VS2013_CvGameCoreDLL_Expansion2DebugWin32\CL.18468.write.1.tlog
D:\sources\Lekmod_git\checkout\LEKMOD_DLL\BuildTemp\VS2013_CvGameCoreDLL_Expansion2DebugWin32\CL.7396.read.1.tlog
D:\sources\Lekmod_git\checkout\LEKMOD_DLL\BuildTemp\VS2013_CvGameCoreDLL_Expansion2DebugWin32\CL.7396.write.1.tlog
D:\sources\Lekmod_git\checkout\LEKMOD_DLL\BuildTemp\VS2013_CvGameCoreDLL_Expansion2DebugWin32\cl.command.1.tlog
D:\sources\Lekmod_git\checkout\LEKMOD_DLL\BuildTemp\VS2013_CvGameCoreDLL_Expansion2DebugWin32\CL.read.1.tlog
D:\sources\Lekmod_git\checkout\LEKMOD_DLL\BuildTemp\VS2013_CvGameCoreDLL_Expansion2DebugWin32\CL.write.1.tlog
D:\SOURCES\LEKMOD_GIT\CHECKOUT\LEKMOD_DLL\BUILDTEMP\VS2013_CVGAMECOREDLL_EXPANSION2DEBUGWIN32\CVACHIEVEMENTUNLOCKER.ASM
D:\SOURCES\LEKMOD_GIT\CHECKOUT\LEKMOD_DLL\BUILDTEMP\VS2013_CVGAMECOREDLL_EXPANSION2DEBUGWIN32\CVACHIEVEMENTUNLOCKER.OBJ
D:\SOURCES\LEKMOD_GIT\CHECKOUT\LEKMOD_DLL\BUILDTEMP\VS2013_CVGAMECOREDLL_EXPANSION2DEBUGWIN32\CVADVISORCOUNSEL.ASM
D:\SOURCES\LEKMOD_GIT\CHECKOUT\LEKMOD_DLL\BUILDTEMP\VS2013_CVGAMECOREDLL_EXPANSION2DEBUGWIN32\CVADVISORCOUNSEL.OBJ
D:\SOURCES\LEKMOD_GIT\CHECKOUT\LEKMOD_DLL\BUILDTEMP\VS2013_CVGAMECOREDLL_EXPANSION2DEBUGWIN32\CVADVISORRECOMMENDER.ASM
D:\SOURCES\LEKMOD_GIT\CHECKOUT\LEKMOD_DLL\BUILDTEMP\VS2013_CVGAMECOREDLL_EXPANSION2DEBUGWIN32\CVADVISORRECOMMENDER.OBJ
D:\SOURCES\LEKMOD_GIT\CHECKOUT\LEKMOD_DLL\BUILDTEMP\VS2013_CVGAMECOREDLL_EXPANSION2DEBUGWIN32\CVAIOPERATION.ASM
D:\SOURCES\LEKMOD_GIT\CHECKOUT\LEKMOD_DLL\BUILDTEMP\VS2013_CVGAMECOREDLL_EXPANSION2DEBUGWIN32\CVAIOPERATION.OBJ
D:\SOURCES\LEKMOD_GIT\CHECKOUT\LEKMOD_DLL\BUILDTEMP\VS2013_CVGAMECOREDLL_EXPANSION2DEBUGWIN32\CVAREA.ASM
D:\SOURCES\LEKMOD_GIT\CHECKOUT\LEKMOD_DLL\BUILDTEMP\VS2013_CVGAMECOREDLL_EXPANSION2DEBUGWIN32\CVAREA.OBJ
D:\SOURCES\LEKMOD_GIT\CHECKOUT\LEKMOD_DLL\BUILDTEMP\VS2013_CVGAMECOREDLL_EXPANSION2DEBUGWIN32\CVARMYAI.ASM
D:\SOURCES\LEKMOD_GIT\CHECKOUT\LEKMOD_DLL\BUILDTEMP\VS2013_CVGAMECOREDLL_EXPANSION2DEBUGWIN32\CVARMYAI.OBJ
D:\SOURCES\LEKMOD_GIT\CHECKOUT\LEKMOD_DLL\BUILDTEMP\VS2013_CVGAMECOREDLL_EXPANSION2DEBUGWIN32\CVASTAR.ASM
D:\SOURCES\LEKMOD_GIT\CHECKOUT\LEKMOD_DLL\BUILDTEMP\VS2013_CVGAMECOREDLL_EXPANSION2DEBUGWIN32\CVASTAR.OBJ
D:\SOURCES\LEKMOD_GIT\CHECKOUT\LEKMOD_DLL\BUILDTEMP\VS2013_CVGAMECOREDLL_EXPANSION2DEBUGWIN32\CVBARBARIANS.ASM
D:\SOURCES\LEKMOD_GIT\CHECKOUT\LEKMOD_DLL\BUILDTEMP\VS2013_CVGAMECOREDLL_EXPANSION2DEBUGWIN32\CVBARBARIANS.OBJ
D:\SOURCES\LEKMOD_GIT\CHECKOUT\LEKMOD_DLL\BUILDTEMP\VS2013_CVGAMECOREDLL_EXPANSION2DEBUGWIN32\CVBELIEFCLASSES.ASM
D:\SOURCES\LEKMOD_GIT\CHECKOUT\LEKMOD_DLL\BUILDTEMP\VS2013_CVGAMECOREDLL_EXPANSION2DEBUGWIN32\CVBELIEFCLASSES.OBJ
D:\SOURCES\LEKMOD_GIT\CHECKOUT\LEKMOD_DLL\BUILDTEMP\VS2013_CVGAMECOREDLL_EXPANSION2DEBUGWIN32\CVBUILDERTASKINGAI.ASM
D:\SOURCES\LEKMOD_GIT\CHECKOUT\LEKMOD_DLL\BUILDTEMP\VS2013_CVGAMECOREDLL_EXPANSION2DEBUGWIN32\CVBUILDERTASKINGAI.OBJ
D:\SOURCES\LEKMOD_GIT\CHECKOUT\LEKMOD_DLL\BUILDTEMP\VS2013_CVGAMECOREDLL_EXPANSION2DEBUGWIN32\CVBUILDINGCLASSES.ASM
D:\SOURCES\LEKMOD_GIT\CHECKOUT\LEKMOD_DLL\BUILDTEMP\VS2013_CVGAMECOREDLL_EXPANSION2DEBUGWIN32\CVBUILDINGCLASSES.OBJ
D:\SOURCES\LEKMOD_GIT\CHECKOUT\LEKMOD_DLL\BUILDTEMP\VS2013_CVGAMECOREDLL_EXPANSION2DEBUGWIN32\CVBUILDINGPRODUCTIONAI.ASM
D:\SOURCES\LEKMOD_GIT\CHECKOUT\LEKMOD_DLL\BUILDTEMP\VS2013_CVGAMECOREDLL_EXPANSION2DEBUGWIN32\CVBUILDINGPRODUCTIONAI.OBJ
D:\SOURCES\LEKMOD_GIT\CHECKOUT\LEKMOD_DLL\BUILDTEMP\VS2013_CVGAMECOREDLL_EXPANSION2DEBUGWIN32\CVCITY.ASM
D:\SOURCES\LEKMOD_GIT\CHECKOUT\LEKMOD_DLL\BUILDTEMP\VS2013_CVGAMECOREDLL_EXPANSION2DEBUGWIN32\CVCITY.OBJ
D:\SOURCES\LEKMOD_GIT\CHECKOUT\LEKMOD_DLL\BUILDTEMP\VS2013_CVGAMECOREDLL_EXPANSION2DEBUGWIN32\CVCITYAI.ASM
D:\SOURCES\LEKMOD_GIT\CHECKOUT\LEKMOD_DLL\BUILDTEMP\VS2013_CVGAMECOREDLL_EXPANSION2DEBUGWIN32\CVCITYAI.OBJ
D:\SOURCES\LEKMOD_GIT\CHECKOUT\LEKMOD_DLL\BUILDTEMP\VS2013_CVGAMECOREDLL_EXPANSION2DEBUGWIN32\CVCITYCITIZENS.ASM
D:\SOURCES\LEKMOD_GIT\CHECKOUT\LEKMOD_DLL\BUILDTEMP\VS2013_CVGAMECOREDLL_EXPANSION2DEBUGWIN32\CVCITYCITIZENS.OBJ
D:\SOURCES\LEKMOD_GIT\CHECKOUT\LEKMOD_DLL\BUILDTEMP\VS2013_CVGAMECOREDLL_EXPANSION2DEBUGWIN32\CVCITYCONNECTIONS.ASM
D:\SOURCES\LEKMOD_GIT\CHECKOUT\LEKMOD_DLL\BUILDTEMP\VS2013_CVGAMECOREDLL_EXPANSION2DEBUGWIN32\CVCITYCONNECTIONS.OBJ
D:\SOURCES\LEKMOD_GIT\CHECKOUT\LEKMOD_DLL\BUILDTEMP\VS2013_CVGAMECOREDLL_EXPANSION2DEBUGWIN32\CVCITYMANAGER.ASM
D:\SOURCES\LEKMOD_GIT\CHECKOUT\LEKMOD_DLL\BUILDTEMP\VS2013_CVGAMECOREDLL_EXPANSION2DEBUGWIN32\CVCITYMANAGER.OBJ
D:\SOURCES\LEKMOD_GIT\CHECKOUT\LEKMOD_DLL\BUILDTEMP\VS2013_CVGAMECOREDLL_EXPANSION2DEBUGWIN32\CVCITYSPECIALIZATIONAI.ASM
D:\SOURCES\LEKMOD_GIT\CHECKOUT\LEKMOD_DLL\BUILDTEMP\VS2013_CVGAMECOREDLL_EXPANSION2DEBUGWIN32\CVCITYSPECIALIZATIONAI.OBJ
D:\SOURCES\LEKMOD_GIT\CHECKOUT\LEKMOD_DLL\BUILDTEMP\VS2013_CVGAMECOREDLL_EXPANSION2DEBUGWIN32\CVCITYSTRATEGYAI.ASM
D:\SOURCES\LEKMOD_GIT\CHECKOUT\LEKMOD_DLL\BUILDTEMP\VS2013_CVGAMECOREDLL_EXPANSION2DEBUGWIN32\CVCITYSTRATEGYAI.OBJ
D:\SOURCES\LEKMOD_GIT\CHECKOUT\LEKMOD_DLL\BUILDTEMP\VS2013_CVGAMECOREDLL_EXPANSION2DEBUGWIN32\CVCULTURECLASSES.ASM
D:\SOURCES\LEKMOD_GIT\CHECKOUT\LEKMOD_DLL\BUILDTEMP\VS2013_CVGAMECOREDLL_EXPANSION2DEBUGWIN32\CVCULTURECLASSES.OBJ
D:\SOURCES\LEKMOD_GIT\CHECKOUT\LEKMOD_DLL\BUILDTEMP\VS2013_CVGAMECOREDLL_EXPANSION2DEBUGWIN32\CVDANGERPLOTS.ASM
D:\SOURCES\LEKMOD_GIT\CHECKOUT\LEKMOD_DLL\BUILDTEMP\VS2013_CVGAMECOREDLL_EXPANSION2DEBUGWIN32\CVDANGERPLOTS.OBJ
D:\SOURCES\LEKMOD_GIT\CHECKOUT\LEKMOD_DLL\BUILDTEMP\VS2013_CVGAMECOREDLL_EXPANSION2DEBUGWIN32\CVDATABASEUTILITY.ASM
D:\SOURCES\LEKMOD_GIT\CHECKOUT\LEKMOD_DLL\BUILDTEMP\VS2013_CVGAMECOREDLL_EXPANSION2DEBUGWIN32\CVDATABASEUTILITY.OBJ
D:\SOURCES\LEKMOD_GIT\CHECKOUT\LEKMOD_DLL\BUILDTEMP\VS2013_CVGAMECOREDLL_EXPANSION2DEBUGWIN32\CVDEALAI.ASM
D:\SOURCES\LEKMOD_GIT\CHECKOUT\LEKMOD_DLL\BUILDTEMP\VS2013_CVGAMECOREDLL_EXPANSION2DEBUGWIN32\CVDEALAI.OBJ
D:\SOURCES\LEKMOD_GIT\CHECKOUT\LEKMOD_DLL\BUILDTEMP\VS2013_CVGAMECOREDLL_EXPANSION2DEBUGWIN32\CVDEALCLASSES.ASM
D:\SOURCES\LEKMOD_GIT\CHECKOUT\LEKMOD_DLL\BUILDTEMP\VS2013_CVGAMECOREDLL_EXPANSION2DEBUGWIN32\CVDEALCLASSES.OBJ
D:\SOURCES\LEKMOD_GIT\CHECKOUT\LEKMOD_DLL\BUILDTEMP\VS2013_CVGAMECOREDLL_EXPANSION2DEBUGWIN32\CVDIPLOMACYAI.ASM
D:\SOURCES\LEKMOD_GIT\CHECKOUT\LEKMOD_DLL\BUILDTEMP\VS2013_CVGAMECOREDLL_EXPANSION2DEBUGWIN32\CVDIPLOMACYAI.OBJ
D:\SOURCES\LEKMOD_GIT\CHECKOUT\LEKMOD_DLL\BUILDTEMP\VS2013_CVGAMECOREDLL_EXPANSION2DEBUGWIN32\CVDIPLOMACYREQUESTS.ASM
D:\SOURCES\LEKMOD_GIT\CHECKOUT\LEKMOD_DLL\BUILDTEMP\VS2013_CVGAMECOREDLL_EXPANSION2DEBUGWIN32\CVDIPLOMACYREQUESTS.OBJ
D:\SOURCES\LEKMOD_GIT\CHECKOUT\LEKMOD_DLL\BUILDTEMP\VS2013_CVGAMECOREDLL_EXPANSION2DEBUGWIN32\CVDLLBUILDINFO.ASM
D:\SOURCES\LEKMOD_GIT\CHECKOUT\LEKMOD_DLL\BUILDTEMP\VS2013_CVGAMECOREDLL_EXPANSION2DEBUGWIN32\CVDLLBUILDINFO.OBJ
D:\SOURCES\LEKMOD_GIT\CHECKOUT\LEKMOD_DLL\BUILDTEMP\VS2013_CVGAMECOREDLL_EXPANSION2DEBUGWIN32\CVDLLBUILDINGINFO.ASM
D:\SOURCES\LEKMOD_GIT\CHECKOUT\LEKMOD_DLL\BUILDTEMP\VS2013_CVGAMECOREDLL_EXPANSION2DEBUGWIN32\CVDLLBUILDINGINFO.OBJ
D:\SOURCES\LEKMOD_GIT\CHECKOUT\LEKMOD_DLL\BUILDTEMP\VS2013_CVGAMECOREDLL_EXPANSION2DEBUGWIN32\CVDLLCITY.ASM
D:\SOURCES\LEKMOD_GIT\CHECKOUT\LEKMOD_DLL\BUILDTEMP\VS2013_CVGAMECOREDLL_EXPANSION2DEBUGWIN32\CVDLLCITY.OBJ
D:\SOURCES\LEKMOD_GIT\CHECKOUT\LEKMOD_DLL\BUILDTEMP\VS2013_CVGAMECOREDLL_EXPANSION2DEBUGWIN32\CVDLLCIVILIZATIONINFO.ASM
D:\SOURCES\LEKMOD_GIT\CHECKOUT\LEKMOD_DLL\BUILDTEMP\VS2013_CVGAMECOREDLL_EXPANSION2DEBUGWIN32\CVDLLCIVILIZATIONINFO.OBJ
D:\SOURCES\LEKMOD_GIT\CHECKOUT\LEKMOD_DLL\BUILDTEMP\VS2013_CVGAMECOREDLL_EXPANSION2DEBUGWIN32\CVDLLCOLORINFO.ASM
D:\SOURCES\LEKMOD_GIT\CHECKOUT\LEKMOD_DLL\BUILDTEMP\VS2013_CVGAMECOREDLL_EXPANSION2DEBUGWIN32\CVDLLCOLORINFO.OBJ
D:\SOURCES\LEKMOD_GIT\CHECKOUT\LEKMOD_DLL\BUILDTEMP\VS2013_CVGAMECOREDLL_EXPANSION2DEBUGWIN32\CVDLLCOMBATINFO.ASM
D:\SOURCES\LEKMOD_GIT\CHECKOUT\LEKMOD_DLL\BUILDTEMP\VS2013_CVGAMECOREDLL_EXPANSION2DEBUGWIN32\CVDLLCOMBATINFO.OBJ
D:\SOURCES\LEKMOD_GIT\CHECKOUT\LEKMOD_DLL\BUILDTEMP\VS2013_CVGAMECOREDLL_EXPANSION2DEBUGWIN32\CVDLLCONTEXT.ASM
D:\SOURCES\LEKMOD_GIT\CHECKOUT\LEKMOD_DLL\BUILDTEMP\VS2013_CVGAMECOREDLL_EXPANSION2DEBUGWIN32\CVDLLCONTEXT.OBJ
D:\SOURCES\LEKMOD_GIT\CHECKOUT\LEKMOD_DLL\BUILDTEMP\VS2013_CVGAMECOREDLL_EXPANSION2DEBUGWIN32\CVDLLDATABASEUTILITY.ASM
D:\SOURCES\LEKMOD_GIT\CHECKOUT\LEKMOD_DLL\BUILDTEMP\VS2013_CVGAMECOREDLL_EXPANSION2DEBUGWIN32\CVDLLDATABASEUTILITY.OBJ
D:\SOURCES\LEKMOD_GIT\CHECKOUT\LEKMOD_DLL\BUILDTEMP\VS2013_CVGAMECOREDLL_EXPANSION2DEBUGWIN32\CVDLLDEAL.ASM
D:\SOURCES\LEKMOD_GIT\CHECKOUT\LEKMOD_DLL\BUILDTEMP\VS2013_CVGAMECOREDLL_EXPANSION2DEBUGWIN32\CVDLLDEAL.OBJ
D:\SOURCES\LEKMOD_GIT\CHECKOUT\LEKMOD_DLL\BUILDTEMP\VS2013_CVGAMECOREDLL_EXPANSION2DEBUGWIN32\CVDLLDEALAI.ASM
D:\SOURCES\LEKMOD_GIT\CHECKOUT\LEKMOD_DLL\BUILDTEMP\VS2013_CVGAMECOREDLL_EXPANSION2DEBUGWIN32\CVDLLDEALAI.OBJ
D:\SOURCES\LEKMOD_GIT\CHECKOUT\LEKMOD_DLL\BUILDTEMP\VS2013_CVGAMECOREDLL_EXPANSION2DEBUGWIN32\CVDLLDIPLOMACYAI.ASM
D:\SOURCES\LEKMOD_GIT\CHECKOUT\LEKMOD_DLL\BUILDTEMP\VS2013_CVGAMECOREDLL_EXPANSION2DEBUGWIN32\CVDLLDIPLOMACYAI.OBJ
D:\SOURCES\LEKMOD_GIT\CHECKOUT\LEKMOD_DLL\BUILDTEMP\VS2013_CVGAMECOREDLL_EXPANSION2DEBUGWIN32\CVDLLDLCPACKAGEINFO.ASM
D:\SOURCES\LEKMOD_GIT\CHECKOUT\LEKMOD_DLL\BUILDTEMP\VS2013_CVGAMECOREDLL_EXPANSION2DEBUGWIN32\CVDLLDLCPACKAGEINFO.OBJ
D:\SOURCES\LEKMOD_GIT\CHECKOUT\LEKMOD_DLL\BUILDTEMP\VS2013_CVGAMECOREDLL_EXPANSION2DEBUGWIN32\CVDLLERAINFO.ASM
D:\SOURCES\LEKMOD_GIT\CHECKOUT\LEKMOD_DLL\BUILDTEMP\VS2013_CVGAMECOREDLL_EXPANSION2DEBUGWIN32\CVDLLERAINFO.OBJ
D:\SOURCES\LEKMOD_GIT\CHECKOUT\LEKMOD_DLL\BUILDTEMP\VS2013_CVGAMECOREDLL_EXPANSION2DEBUGWIN32\CVDLLFEATUREINFO.ASM
D:\SOURCES\LEKMOD_GIT\CHECKOUT\LEKMOD_DLL\BUILDTEMP\VS2013_CVGAMECOREDLL_EXPANSION2DEBUGWIN32\CVDLLFEATUREINFO.OBJ
D:\SOURCES\LEKMOD_GIT\CHECKOUT\LEKMOD_DLL\BUILDTEMP\VS2013_CVGAMECOREDLL_EXPANSION2DEBUGWIN32\CVDLLGAME.ASM
D:\SOURCES\LEKMOD_GIT\CHECKOUT\LEKMOD_DLL\BUILDTEMP\VS2013_CVGAMECOREDLL_EXPANSION2DEBUGWIN32\CVDLLGAME.OBJ
D:\SOURCES\LEKMOD_GIT\CHECKOUT\LEKMOD_DLL\BUILDTEMP\VS2013_CVGAMECOREDLL_EXPANSION2DEBUGWIN32\CVDLLGAMEASYNCH.ASM
D:\SOURCES\LEKMOD_GIT\CHECKOUT\LEKMOD_DLL\BUILDTEMP\VS2013_CVGAMECOREDLL_EXPANSION2DEBUGWIN32\CVDLLGAMEASYNCH.OBJ
D:\SOURCES\LEKMOD_GIT\CHECKOUT\LEKMOD_DLL\BUILDTEMP\VS2013_CVGAMECOREDLL_EXPANSION2DEBUGWIN32\CVDLLGAMEDEALS.ASM
D:\SOURCES\LEKMOD_GIT\CHECKOUT\LEKMOD_DLL\BUILDTEMP\VS2013_CVGAMECOREDLL_EXPANSION2DEBUGWIN32\CVDLLGAMEDEALS.OBJ
D:\SOURCES\LEKMOD_GIT\CHECKOUT\LEKMOD_DLL\BUILDTEMP\VS2013_CVGAMECOREDLL_EXPANSION2DEBUGWIN32\CVDLLGAMEOPTIONINFO.ASM
D:\SOURCES\LEKMOD_GIT\CHECKOUT\LEKMOD_DLL\BUILDTEMP\VS2013_CVGAMECOREDLL_EXPANSION2DEBUGWIN32\CVDLLGAMEOPTIONINFO.OBJ
D:\SOURCES\LEKMOD_GIT\CHECKOUT\LEKMOD_DLL\BUILDTEMP\VS2013_CVGAMECOREDLL_EXPANSION2DEBUGWIN32\CVDLLGAMESPEEDINFO.ASM
D:\SOURCES\LEKMOD_GIT\CHECKOUT\LEKMOD_DLL\BUILDTEMP\VS2013_CVGAMECOREDLL_EXPANSION2DEBUGWIN32\CVDLLGAMESPEEDINFO.OBJ
D:\SOURCES\LEKMOD_GIT\CHECKOUT\LEKMOD_DLL\BUILDTEMP\VS2013_CVGAMECOREDLL_EXPANSION2DEBUGWIN32\CVDLLHANDICAPINFO.ASM
D:\SOURCES\LEKMOD_GIT\CHECKOUT\LEKMOD_DLL\BUILDTEMP\VS2013_CVGAMECOREDLL_EXPANSION2DEBUGWIN32\CVDLLHANDICAPINFO.OBJ
D:\SOURCES\LEKMOD_GIT\CHECKOUT\LEKMOD_DLL\BUILDTEMP\VS2013_CVGAMECOREDLL_EXPANSION2DEBUGWIN32\CVDLLIMPROVEMENTINFO.ASM
D:\SOURCES\LEKMOD_GIT\CHECKOUT\LEKMOD_DLL\BUILDTEMP\VS2013_CVGAMECOREDLL_EXPANSION2DEBUGWIN32\CVDLLIMPROVEMENTINFO.OBJ
D:\SOURCES\LEKMOD_GIT\CHECKOUT\LEKMOD_DLL\BUILDTEMP\VS2013_CVGAMECOREDLL_EXPANSION2DEBUGWIN32\CVDLLINTERFACEMODEINFO.ASM
D:\SOURCES\LEKMOD_GIT\CHECKOUT\LEKMOD_DLL\BUILDTEMP\VS2013_CVGAMECOREDLL_EXPANSION2DEBUGWIN32\CVDLLINTERFACEMODEINFO.OBJ
D:\SOURCES\LEKMOD_GIT\CHECKOUT\LEKMOD_DLL\BUILDTEMP\VS2013_CVGAMECOREDLL_EXPANSION2DEBUGWIN32\CVDLLLEADERHEADINFO.ASM
D:\SOURCES\LEKMOD_GIT\CHECKOUT\LEKMOD_DLL\BUILDTEMP\VS2013_CVGAMECOREDLL_EXPANSION2DEBUGWIN32\CVDLLLEADERHEADINFO.OBJ
D:\SOURCES\LEKMOD_GIT\CHECKOUT\LEKMOD_DLL\BUILDTEMP\VS2013_CVGAMECOREDLL_EXPANSION2DEBUGWIN32\CVDLLMAP.ASM
D:\SOURCES\LEKMOD_GIT\CHECKOUT\LEKMOD_DLL\BUILDTEMP\VS2013_CVGAMECOREDLL_EXPANSION2DEBUGWIN32\CVDLLMAP.OBJ
D:\SOURCES\LEKMOD_GIT\CHECKOUT\LEKMOD_DLL\BUILDTEMP\VS2013_CVGAMECOREDLL_EXPANSION2DEBUGWIN32\CVDLLMINORCIVINFO.ASM
D:\SOURCES\LEKMOD_GIT\CHECKOUT\LEKMOD_DLL\BUILDTEMP\VS2013_CVGAMECOREDLL_EXPANSION2DEBUGWIN32\CVDLLMINORCIVINFO.OBJ
D:\SOURCES\LEKMOD_GIT\CHECKOUT\LEKMOD_DLL\BUILDTEMP\VS2013_CVGAMECOREDLL_EXPANSION2DEBUGWIN32\CVDLLMISSIONDATA.ASM
D:\SOURCES\LEKMOD_GIT\CHECKOUT\LEKMOD_DLL\BUILDTEMP\VS2013_CVGAMECOREDLL_EXPANSION2DEBUGWIN32\CVDLLMISSIONDATA.OBJ
D:\SOURCES\LEKMOD_GIT\CHECKOUT\LEKMOD_DLL\BUILDTEMP\VS2013_CVGAMECOREDLL_EXPANSION2DEBUGWIN32\CVDLLMISSIONINFO.ASM
D:\SOURCES\LEKMOD_GIT\CHECKOUT\LEKMOD_DLL\BUILDTEMP\VS2013_CVGAMECOREDLL_EXPANSION2DEBUGWIN32\CVDLLMISSIONINFO.OBJ
D:\SOURCES\LEKMOD_GIT\CHECKOUT\LEKMOD_DLL\BUILDTEMP\VS2013_CVGAMECOREDLL_EXPANSION2DEBUGWIN32\CVDLLNETINITINFO.ASM
D:\SOURCES\LEKMOD_GIT\CHECKOUT\LEKMOD_DLL\BUILDTEMP\VS2013_CVGAMECOREDLL_EXPANSION2DEBUGWIN32\CVDLLNETINITINFO.OBJ
D:\SOURCES\LEKMOD_GIT\CHECKOUT\LEKMOD_DLL\BUILDTEMP\VS2013_CVGAMECOREDLL_EXPANSION2DEBUGWIN32\CVDLLNETLOADGAMEINFO.ASM
D:\SOURCES\LEKMOD_GIT\CHECKOUT\LEKMOD_DLL\BUILDTEMP\VS2013_CVGAMECOREDLL_EXPANSION2DEBUGWIN32\CVDLLNETLOADGAMEINFO.OBJ
D:\SOURCES\LEKMOD_GIT\CHECKOUT\LEKMOD_DLL\BUILDTEMP\VS2013_CVGAMECOREDLL_EXPANSION2DEBUGWIN32\CVDLLNETMESSAGEHANDLER.ASM
D:\SOURCES\LEKMOD_GIT\CHECKOUT\LEKMOD_DLL\BUILDTEMP\VS2013_CVGAMECOREDLL_EXPANSION2DEBUGWIN32\CVDLLNETMESSAGEHANDLER.OBJ
D:\SOURCES\LEKMOD_GIT\CHECKOUT\LEKMOD_DLL\BUILDTEMP\VS2013_CVGAMECOREDLL_EXPANSION2DEBUGWIN32\CVDLLNETWORKSYNCRONIZATION.ASM
D:\SOURCES\LEKMOD_GIT\CHECKOUT\LEKMOD_DLL\BUILDTEMP\VS2013_CVGAMECOREDLL_EXPANSION2DEBUGWIN32\CVDLLNETWORKSYNCRONIZATION.OBJ
D:\SOURCES\LEKMOD_GIT\CHECKOUT\LEKMOD_DLL\BUILDTEMP\VS2013_CVGAMECOREDLL_EXPANSION2DEBUGWIN32\CVDLLPATHFINDERUPDATE.ASM
D:\SOURCES\LEKMOD_GIT\CHECKOUT\LEKMOD_DLL\BUILDTEMP\VS2013_CVGAMECOREDLL_EXPANSION2DEBUGWIN32\CVDLLPATHFINDERUPDATE.OBJ
D:\SOURCES\LEKMOD_GIT\CHECKOUT\LEKMOD_DLL\BUILDTEMP\VS2013_CVGAMECOREDLL_EXPANSION2DEBUGWIN32\CVDLLPLAYER.ASM
D:\SOURCES\LEKMOD_GIT\CHECKOUT\LEKMOD_DLL\BUILDTEMP\VS2013_CVGAMECOREDLL_EXPANSION2DEBUGWIN32\CVDLLPLAYER.OBJ
D:\SOURCES\LEKMOD_GIT\CHECKOUT\LEKMOD_DLL\BUILDTEMP\VS2013_CVGAMECOREDLL_EXPANSION2DEBUGWIN32\CVDLLPLAYERCOLORINFO.ASM
D:\SOURCES\LEKMOD_GIT\CHECKOUT\LEKMOD_DLL\BUILDTEMP\VS2013_CVGAMECOREDLL_EXPANSION2DEBUGWIN32\CVDLLPLAYERCOLORINFO.OBJ
D:\SOURCES\LEKMOD_GIT\CHECKOUT\LEKMOD_DLL\BUILDTEMP\VS2013_CVGAMECOREDLL_EXPANSION2DEBUGWIN32\CVDLLPLAYEROPTIONINFO.ASM
D:\SOURCES\LEKMOD_GIT\CHECKOUT\LEKMOD_DLL\BUILDTEMP\VS2013_CVGAMECOREDLL_EXPANSION2DEBUGWIN32\CVDLLPLAYEROPTIONINFO.OBJ
D:\SOURCES\LEKMOD_GIT\CHECKOUT\LEKMOD_DLL\BUILDTEMP\VS2013_CVGAMECOREDLL_EXPANSION2DEBUGWIN32\CVDLLPLOT.ASM
D:\SOURCES\LEKMOD_GIT\CHECKOUT\LEKMOD_DLL\BUILDTEMP\VS2013_CVGAMECOREDLL_EXPANSION2DEBUGWIN32\CVDLLPLOT.OBJ
D:\SOURCES\LEKMOD_GIT\CHECKOUT\LEKMOD_DLL\BUILDTEMP\VS2013_CVGAMECOREDLL_EXPANSION2DEBUGWIN32\CVDLLPOLICYINFO.ASM
D:\SOURCES\LEKMOD_GIT\CHECKOUT\LEKMOD_DLL\BUILDTEMP\VS2013_CVGAMECOREDLL_EXPANSION2DEBUGWIN32\CVDLLPOLICYINFO.OBJ
D:\SOURCES\LEKMOD_GIT\CHECKOUT\LEKMOD_DLL\BUILDTEMP\VS2013_CVGAMECOREDLL_EXPANSION2DEBUGWIN32\CVDLLPREGAME.ASM
D:\SOURCES\LEKMOD_GIT\CHECKOUT\LEKMOD_DLL\BUILDTEMP\VS2013_CVGAMECOREDLL_EXPANSION2DEBUGWIN32\CVDLLPREGAME.OBJ
D:\SOURCES\LEKMOD_GIT\CHECKOUT\LEKMOD_DLL\BUILDTEMP\VS2013_CVGAMECOREDLL_EXPANSION2DEBUGWIN32\CVDLLPROMOTIONINFO.ASM
D:\SOURCES\LEKMOD_GIT\CHECKOUT\LEKMOD_DLL\BUILDTEMP\VS2013_CVGAMECOREDLL_EXPANSION2DEBUGWIN32\CVDLLPROMOTIONINFO.OBJ
D:\SOURCES\LEKMOD_GIT\CHECKOUT\LEKMOD_DLL\BUILDTEMP\VS2013_CVGAMECOREDLL_EXPANSION2DEBUGWIN32\CVDLLRANDOM.ASM
D:\SOURCES\LEKMOD_GIT\CHECKOUT\LEKMOD_DLL\BUILDTEMP\VS2013_CVGAMECOREDLL_EXPANSION2DEBUGWIN32\CVDLLRANDOM.OBJ
D:\SOURCES\LEKMOD_GIT\CHECKOUT\LEKMOD_DLL\BUILDTEMP\VS2013_CVGAMECOREDLL_EXPANSION2DEBUGWIN32\CVDLLRESOURCEINFO.ASM
D:\SOURCES\LEKMOD_GIT\CHECKOUT\LEKMOD_DLL\BUILDTEMP\VS2013_CVGAMECOREDLL_EXPANSION2DEBUGWIN32\CVDLLRESOURCEINFO.OBJ
D:\SOURCES\LEKMOD_GIT\CHECKOUT\LEKMOD_DLL\BUILDTEMP\VS2013_CVGAMECOREDLL_EXPANSION2DEBUGWIN32\CVDLLSCRIPTSYSTEMUTILITY.ASM
D:\SOURCES\LEKMOD_GIT\CHECKOUT\LEKMOD_DLL\BUILDTEMP\VS2013_CVGAMECOREDLL_EXPANSION2DEBUGWIN32\CVDLLSCRIPTSYSTEMUTILITY.OBJ
D:\SOURCES\LEKMOD_GIT\CHECKOUT\LEKMOD_DLL\BUILDTEMP\VS2013_CVGAMECOREDLL_EXPANSION2DEBUGWIN32\CVDLLTEAM.ASM
D:\SOURCES\LEKMOD_GIT\CHECKOUT\LEKMOD_DLL\BUILDTEMP\VS2013_CVGAMECOREDLL_EXPANSION2DEBUGWIN32\CVDLLTEAM.OBJ
D:\SOURCES\LEKMOD_GIT\CHECKOUT\LEKMOD_DLL\BUILDTEMP\VS2013_CVGAMECOREDLL_EXPANSION2DEBUGWIN32\CVDLLTECHINFO.ASM
D:\SOURCES\LEKMOD_GIT\CHECKOUT\LEKMOD_DLL\BUILDTEMP\VS2013_CVGAMECOREDLL_EXPANSION2DEBUGWIN32\CVDLLTECHINFO.OBJ
D:\SOURCES\LEKMOD_GIT\CHECKOUT\LEKMOD_DLL\BUILDTEMP\VS2013_CVGAMECOREDLL_EXPANSION2DEBUGWIN32\CVDLLTERRAININFO.ASM
D:\SOURCES\LEKMOD_GIT\CHECKOUT\LEKMOD_DLL\BUILDTEMP\VS2013_CVGAMECOREDLL_EXPANSION2DEBUGWIN32\CVDLLTERRAININFO.OBJ
D:\SOURCES\LEKMOD_GIT\CHECKOUT\LEKMOD_DLL\BUILDTEMP\VS2013_CVGAMECOREDLL_EXPANSION2DEBUGWIN32\CVDLLUNIT.ASM
D:\SOURCES\LEKMOD_GIT\CHECKOUT\LEKMOD_DLL\BUILDTEMP\VS2013_CVGAMECOREDLL_EXPANSION2DEBUGWIN32\CVDLLUNIT.OBJ
D:\SOURCES\LEKMOD_GIT\CHECKOUT\LEKMOD_DLL\BUILDTEMP\VS2013_CVGAMECOREDLL_EXPANSION2DEBUGWIN32\CVDLLUNITCOMBATCLASSINFO.ASM
D:\SOURCES\LEKMOD_GIT\CHECKOUT\LEKMOD_DLL\BUILDTEMP\VS2013_CVGAMECOREDLL_EXPANSION2DEBUGWIN32\CVDLLUNITCOMBATCLASSINFO.OBJ
D:\SOURCES\LEKMOD_GIT\CHECKOUT\LEKMOD_DLL\BUILDTEMP\VS2013_CVGAMECOREDLL_EXPANSION2DEBUGWIN32\CVDLLUNITINFO.ASM
D:\SOURCES\LEKMOD_GIT\CHECKOUT\LEKMOD_DLL\BUILDTEMP\VS2013_CVGAMECOREDLL_EXPANSION2DEBUGWIN32\CVDLLUNITINFO.OBJ
D:\SOURCES\LEKMOD_GIT\CHECKOUT\LEKMOD_DLL\BUILDTEMP\VS2013_CVGAMECOREDLL_EXPANSION2DEBUGWIN32\CVDLLVICTORYINFO.ASM
D:\SOURCES\LEKMOD_GIT\CHECKOUT\LEKMOD_DLL\BUILDTEMP\VS2013_CVGAMECOREDLL_EXPANSION2DEBUGWIN32\CVDLLVICTORYINFO.OBJ
D:\SOURCES\LEKMOD_GIT\CHECKOUT\LEKMOD_DLL\BUILDTEMP\VS2013_CVGAMECOREDLL_EXPANSION2DEBUGWIN32\CVDLLWORLDBUILDERMAPLOADER.ASM
D:\SOURCES\LEKMOD_GIT\CHECKOUT\LEKMOD_DLL\BUILDTEMP\VS2013_CVGAMECOREDLL_EXPANSION2DEBUGWIN32\CVDLLWORLDBUILDERMAPLOADER.OBJ
D:\SOURCES\LEKMOD_GIT\CHECKOUT\LEKMOD_DLL\BUILDTEMP\VS2013_CVGAMECOREDLL_EXPANSION2DEBUGWIN32\CVDLLWORLDINFO.ASM
D:\SOURCES\LEKMOD_GIT\CHECKOUT\LEKMOD_DLL\BUILDTEMP\VS2013_CVGAMECOREDLL_EXPANSION2DEBUGWIN32\CVDLLWORLDINFO.OBJ
D:\SOURCES\LEKMOD_GIT\CHECKOUT\LEKMOD_DLL\BUILDTEMP\VS2013_CVGAMECOREDLL_EXPANSION2DEBUGWIN32\CVECONOMICAI.ASM
D:\SOURCES\LEKMOD_GIT\CHECKOUT\LEKMOD_DLL\BUILDTEMP\VS2013_CVGAMECOREDLL_EXPANSION2DEBUGWIN32\CVECONOMICAI.OBJ
D:\SOURCES\LEKMOD_GIT\CHECKOUT\LEKMOD_DLL\BUILDTEMP\VS2013_CVGAMECOREDLL_EXPANSION2DEBUGWIN32\CVEMPHASISCLASSES.ASM
D:\SOURCES\LEKMOD_GIT\CHECKOUT\LEKMOD_DLL\BUILDTEMP\VS2013_CVGAMECOREDLL_EXPANSION2DEBUGWIN32\CVEMPHASISCLASSES.OBJ
D:\SOURCES\LEKMOD_GIT\CHECKOUT\LEKMOD_DLL\BUILDTEMP\VS2013_CVGAMECOREDLL_EXPANSION2DEBUGWIN32\CVESPIONAGECLASSES.ASM
D:\SOURCES\LEKMOD_GIT\CHECKOUT\LEKMOD_DLL\BUILDTEMP\VS2013_CVGAMECOREDLL_EXPANSION2DEBUGWIN32\CVESPIONAGECLASSES.OBJ
D:\SOURCES\LEKMOD_GIT\CHECKOUT\LEKMOD_DLL\BUILDTEMP\VS2013_CVGAMECOREDLL_EXPANSION2DEBUGWIN32\CVFLAVORMANAGER.ASM
D:\SOURCES\LEKMOD_GIT\CHECKOUT\LEKMOD_DLL\BUILDTEMP\VS2013_CVGAMECOREDLL_EXPANSION2DEBUGWIN32\CVFLAVORMANAGER.OBJ
D:\SOURCES\LEKMOD_GIT\CHECKOUT\LEKMOD_DLL\BUILDTEMP\VS2013_CVGAMECOREDLL_EXPANSION2DEBUGWIN32\CVFRACTAL.ASM
D:\SOURCES\LEKMOD_GIT\CHECKOUT\LEKMOD_DLL\BUILDTEMP\VS2013_CVGAMECOREDLL_EXPANSION2DEBUGWIN32\CVFRACTAL.OBJ
D:\SOURCES\LEKMOD_GIT\CHECKOUT\LEKMOD_DLL\BUILDTEMP\VS2013_CVGAMECOREDLL_EXPANSION2DEBUGWIN32\CVGAME.ASM
D:\SOURCES\LEKMOD_GIT\CHECKOUT\LEKMOD_DLL\BUILDTEMP\VS2013_CVGAMECOREDLL_EXPANSION2DEBUGWIN32\CVGAME.OBJ
D:\SOURCES\LEKMOD_GIT\CHECKOUT\LEKMOD_DLL\BUILDTEMP\VS2013_CVGAMECOREDLL_EXPANSION2DEBUGWIN32\CVGAMECORE_EXPANSION2.DLL.INTERMEDIATE.MANIFEST
D:\SOURCES\LEKMOD_GIT\CHECKOUT\LEKMOD_DLL\BUILDTEMP\VS2013_CVGAMECOREDLL_EXPANSION2DEBUGWIN32\CVGAMECORE_EXPANSION2.PCH
D:\SOURCES\LEKMOD_GIT\CHECKOUT\LEKMOD_DLL\BUILDTEMP\VS2013_CVGAMECOREDLL_EXPANSION2DEBUGWIN32\CVGAMECOREDLL.ASM
D:\SOURCES\LEKMOD_GIT\CHECKOUT\LEKMOD_DLL\BUILDTEMP\VS2013_CVGAMECOREDLL_EXPANSION2DEBUGWIN32\CVGAMECOREDLL.OBJ
D:\SOURCES\LEKMOD_GIT\CHECKOUT\LEKMOD_DLL\BUILDTEMP\VS2013_CVGAMECOREDLL_EXPANSION2DEBUGWIN32\CVGAMECOREDLL.RES
D:\sources\Lekmod_git\checkout\LEKMOD_DLL\BuildTemp\VS2013_CvGameCoreDLL_Expansion2DebugWin32\CvGameCoreDLL_Expansion2.write.1.tlog
D:\SOURCES\LEKMOD_GIT\CHECKOUT\LEKMOD_DLL\BUILDTEMP\VS2013_CVGAMECOREDLL_EXPANSION2DEBUGWIN32\CVGAMECOREENUMSERIALIZATION.ASM
D:\SOURCES\LEKMOD_GIT\CHECKOUT\LEKMOD_DLL\BUILDTEMP\VS2013_CVGAMECOREDLL_EXPANSION2DEBUGWIN32\CVGAMECOREENUMSERIALIZATION.OBJ
D:\SOURCES\LEKMOD_GIT\CHECKOUT\LEKMOD_DLL\BUILDTEMP\VS2013_CVGAMECOREDLL_EXPANSION2DEBUGWIN32\CVGAMECOREUTILS.ASM
D:\SOURCES\LEKMOD_GIT\CHECKOUT\LEKMOD_DLL\BUILDTEMP\VS2013_CVGAMECOREDLL_EXPANSION2DEBUGWIN32\CVGAMECOREUTILS.OBJ
D:\SOURCES\LEKMOD_GIT\CHECKOUT\LEKMOD_DLL\BUILDTEMP\VS2013_CVGAMECOREDLL_EXPANSION2DEBUGWIN32\CVGAMEQUERIES.ASM
D:\SOURCES\LEKMOD_GIT\CHECKOUT\LEKMOD_DLL\BUILDTEMP\VS2013_CVGAMECOREDLL_EXPANSION2DEBUGWIN32\CVGAMEQUERIES.OBJ
D:\SOURCES\LEKMOD_GIT\CHECKOUT\LEKMOD_DLL\BUILDTEMP\VS2013_CVGAMECOREDLL_EXPANSION2DEBUGWIN32\CVGAMETEXTMGR.ASM
D:\SOURCES\LEKMOD_GIT\CHECKOUT\LEKMOD_DLL\BUILDTEMP\VS2013_CVGAMECOREDLL_EXPANSION2DEBUGWIN32\CVGAMETEXTMGR.OBJ
D:\SOURCES\LEKMOD_GIT\CHECKOUT\LEKMOD_DLL\BUILDTEMP\VS2013_CVGAMECOREDLL_EXPANSION2DEBUGWIN32\CVGLOBALS.ASM
D:\SOURCES\LEKMOD_GIT\CHECKOUT\LEKMOD_DLL\BUILDTEMP\VS2013_CVGAMECOREDLL_EXPANSION2DEBUGWIN32\CVGLOBALS.OBJ
D:\SOURCES\LEKMOD_GIT\CHECKOUT\LEKMOD_DLL\BUILDTEMP\VS2013_CVGAMECOREDLL_EXPANSION2DEBUGWIN32\CVGOODYHUTS.ASM
D:\SOURCES\LEKMOD_GIT\CHECKOUT\LEKMOD_DLL\BUILDTEMP\VS2013_CVGAMECOREDLL_EXPANSION2DEBUGWIN32\CVGOODYHUTS.OBJ
D:\SOURCES\LEKMOD_GIT\CHECKOUT\LEKMOD_DLL\BUILDTEMP\VS2013_CVGAMECOREDLL_EXPANSION2DEBUGWIN32\CVGRANDSTRATEGYAI.ASM
D:\SOURCES\LEKMOD_GIT\CHECKOUT\LEKMOD_DLL\BUILDTEMP\VS2013_CVGAMECOREDLL_EXPANSION2DEBUGWIN32\CVGRANDSTRATEGYAI.OBJ
D:\SOURCES\LEKMOD_GIT\CHECKOUT\LEKMOD_DLL\BUILDTEMP\VS2013_CVGAMECOREDLL_EXPANSION2DEBUGWIN32\CVHOMELANDAI.ASM
D:\SOURCES\LEKMOD_GIT\CHECKOUT\LEKMOD_DLL\BUILDTEMP\VS2013_CVGAMECOREDLL_EXPANSION2DEBUGWIN32\CVHOMELANDAI.OBJ
D:\SOURCES\LEKMOD_GIT\CHECKOUT\LEKMOD_DLL\BUILDTEMP\VS2013_CVGAMECOREDLL_EXPANSION2DEBUGWIN32\CVIMPROVEMENTCLASSES.ASM
D:\SOURCES\LEKMOD_GIT\CHECKOUT\LEKMOD_DLL\BUILDTEMP\VS2013_CVGAMECOREDLL_EXPANSION2DEBUGWIN32\CVIMPROVEMENTCLASSES.OBJ
D:\SOURCES\LEKMOD_GIT\CHECKOUT\LEKMOD_DLL\BUILDTEMP\VS2013_CVGAMECOREDLL_EXPANSION2DEBUGWIN32\CVINFOS.ASM
D:\SOURCES\LEKMOD_GIT\CHECKOUT\LEKMOD_DLL\BUILDTEMP\VS2013_CVGAMECOREDLL_EXPANSION2DEBUGWIN32\CVINFOS.OBJ
D:\SOURCES\LEKMOD_GIT\CHECKOUT\LEKMOD_DLL\BUILDTEMP\VS2013_CVGAMECOREDLL_EXPANSION2DEBUGWIN32\CVINFOSSERIALIZATIONHELPER.ASM
D:\SOURCES\LEKMOD_GIT\CHECKOUT\LEKMOD_DLL\BUILDTEMP\VS2013_CVGAMECOREDLL_EXPANSION2DEBUGWIN32\CVINFOSSERIALIZATIONHELPER.OBJ
D:\SOURCES\LEKMOD_GIT\CHECKOUT\LEKMOD_DLL\BUILDTEMP\VS2013_CVGAMECOREDLL_EXPANSION2DEBUGWIN32\CVINTERNALGAMECOREUTILS.ASM
D:\SOURCES\LEKMOD_GIT\CHECKOUT\LEKMOD_DLL\BUILDTEMP\VS2013_CVGAMECOREDLL_EXPANSION2DEBUGWIN32\CVINTERNALGAMECOREUTILS.OBJ
D:\SOURCES\LEKMOD_GIT\CHECKOUT\LEKMOD_DLL\BUILDTEMP\VS2013_CVGAMECOREDLL_EXPANSION2DEBUGWIN32\CVLUAAREA.ASM
D:\SOURCES\LEKMOD_GIT\CHECKOUT\LEKMOD_DLL\BUILDTEMP\VS2013_CVGAMECOREDLL_EXPANSION2DEBUGWIN32\CVLUAAREA.OBJ
D:\SOURCES\LEKMOD_GIT\CHECKOUT\LEKMOD_DLL\BUILDTEMP\VS2013_CVGAMECOREDLL_EXPANSION2DEBUGWIN32\CVLUAARGSHANDLE.ASM
D:\SOURCES\LEKMOD_GIT\CHECKOUT\LEKMOD_DLL\BUILDTEMP\VS2013_CVGAMECOREDLL_EXPANSION2DEBUGWIN32\CVLUAARGSHANDLE.OBJ
D:\SOURCES\LEKMOD_GIT\CHECKOUT\LEKMOD_DLL\BUILDTEMP\VS2013_CVGAMECOREDLL_EXPANSION2DEBUGWIN32\CVLUACITY.ASM
D:\SOURCES\LEKMOD_GIT\CHECKOUT\LEKMOD_DLL\BUILDTEMP\VS2013_CVGAMECOREDLL_EXPANSION2DEBUGWIN32\CVLUACITY.OBJ
D:\SOURCES\LEKMOD_GIT\CHECKOUT\LEKMOD_DLL\BUILDTEMP\VS2013_CVGAMECOREDLL_EXPANSION2DEBUGWIN32\CVLUADEAL.ASM
D:\SOURCES\LEKMOD_GIT\CHECKOUT\LEKMOD_DLL\BUILDTEMP\VS2013_CVGAMECOREDLL_EXPANSION2DEBUGWIN32\CVLUADEAL.OBJ
D:\SOURCES\LEKMOD_GIT\CHECKOUT\LEKMOD_DLL\BUILDTEMP\VS2013_CVGAMECOREDLL_EXPANSION2DEBUGWIN32\CVLUAENUMS.ASM
D:\SOURCES\LEKMOD_GIT\CHECKOUT\LEKMOD_DLL\BUILDTEMP\VS2013_CVGAMECOREDLL_EXPANSION2DEBUGWIN32\CVLUAENUMS.OBJ
D:\SOURCES\LEKMOD_GIT\CHECKOUT\LEKMOD_DLL\BUILDTEMP\VS2013_CVGAMECOREDLL_EXPANSION2DEBUGWIN32\CVLUAFRACTAL.ASM
D:\SOURCES\LEKMOD_GIT\CHECKOUT\LEKMOD_DLL\BUILDTEMP\VS2013_CVGAMECOREDLL_EXPANSION2DEBUGWIN32\CVLUAFRACTAL.OBJ
D:\SOURCES\LEKMOD_GIT\CHECKOUT\LEKMOD_DLL\BUILDTEMP\VS2013_CVGAMECOREDLL_EXPANSION2DEBUGWIN32\CVLUAGAME.ASM
D:\SOURCES\LEKMOD_GIT\CHECKOUT\LEKMOD_DLL\BUILDTEMP\VS2013_CVGAMECOREDLL_EXPANSION2DEBUGWIN32\CVLUAGAME.OBJ
D:\SOURCES\LEKMOD_GIT\CHECKOUT\LEKMOD_DLL\BUILDTEMP\VS2013_CVGAMECOREDLL_EXPANSION2DEBUGWIN32\CVLUAGAMEINFO.ASM
D:\SOURCES\LEKMOD_GIT\CHECKOUT\LEKMOD_DLL\BUILDTEMP\VS2013_CVGAMECOREDLL_EXPANSION2DEBUGWIN32\CVLUAGAMEINFO.OBJ
D:\SOURCES\LEKMOD_GIT\CHECKOUT\LEKMOD_DLL\BUILDTEMP\VS2013_CVGAMECOREDLL_EXPANSION2DEBUGWIN32\CVLUALEAGUE.ASM
D:\SOURCES\LEKMOD_GIT\CHECKOUT\LEKMOD_DLL\BUILDTEMP\VS2013_CVGAMECOREDLL_EXPANSION2DEBUGWIN32\CVLUALEAGUE.OBJ
D:\SOURCES\LEKMOD_GIT\CHECKOUT\LEKMOD_DLL\BUILDTEMP\VS2013_CVGAMECOREDLL_EXPANSION2DEBUGWIN32\CVLUAMAP.ASM
D:\SOURCES\LEKMOD_GIT\CHECKOUT\LEKMOD_DLL\BUILDTEMP\VS2013_CVGAMECOREDLL_EXPANSION2DEBUGWIN32\CVLUAMAP.OBJ
D:\SOURCES\LEKMOD_GIT\CHECKOUT\LEKMOD_DLL\BUILDTEMP\VS2013_CVGAMECOREDLL_EXPANSION2DEBUGWIN32\CVLUAPLAYER.ASM
D:\SOURCES\LEKMOD_GIT\CHECKOUT\LEKMOD_DLL\BUILDTEMP\VS2013_CVGAMECOREDLL_EXPANSION2DEBUGWIN32\CVLUAPLAYER.OBJ
D:\SOURCES\LEKMOD_GIT\CHECKOUT\LEKMOD_DLL\BUILDTEMP\VS2013_CVGAMECOREDLL_EXPANSION2DEBUGWIN32\CVLUAPLOT.ASM
D:\SOURCES\LEKMOD_GIT\CHECKOUT\LEKMOD_DLL\BUILDTEMP\VS2013_CVGAMECOREDLL_EXPANSION2DEBUGWIN32\CVLUAPLOT.OBJ
D:\SOURCES\LEKMOD_GIT\CHECKOUT\LEKMOD_DLL\BUILDTEMP\VS2013_CVGAMECOREDLL_EXPANSION2DEBUGWIN32\CVLUASUPPORT.ASM
D:\SOURCES\LEKMOD_GIT\CHECKOUT\LEKMOD_DLL\BUILDTEMP\VS2013_CVGAMECOREDLL_EXPANSION2DEBUGWIN32\CVLUASUPPORT.OBJ
D:\SOURCES\LEKMOD_GIT\CHECKOUT\LEKMOD_DLL\BUILDTEMP\VS2013_CVGAMECOREDLL_EXPANSION2DEBUGWIN32\CVLUATEAM.ASM
D:\SOURCES\LEKMOD_GIT\CHECKOUT\LEKMOD_DLL\BUILDTEMP\VS2013_CVGAMECOREDLL_EXPANSION2DEBUGWIN32\CVLUATEAM.OBJ
D:\SOURCES\LEKMOD_GIT\CHECKOUT\LEKMOD_DLL\BUILDTEMP\VS2013_CVGAMECOREDLL_EXPANSION2DEBUGWIN32\CVLUATEAMTECH.ASM
D:\SOURCES\LEKMOD_GIT\CHECKOUT\LEKMOD_DLL\BUILDTEMP\VS2013_CVGAMECOREDLL_EXPANSION2DEBUGWIN32\CVLUATEAMTECH.OBJ
D:\SOURCES\LEKMOD_GIT\CHECKOUT\LEKMOD_DLL\BUILDTEMP\VS2013_CVGAMECOREDLL_EXPANSION2DEBUGWIN32\CVLUAUNIT.ASM
D:\SOURCES\LEKMOD_GIT\CHECKOUT\LEKMOD_DLL\BUILDTEMP\VS2013_CVGAMECOREDLL_EXPANSION2DEBUGWIN32\CVLUAUNIT.OBJ
D:\SOURCES\LEKMOD_GIT\CHECKOUT\LEKMOD_DLL\BUILDTEMP\VS2013_CVGAMECOREDLL_EXPANSION2DEBUGWIN32\CVMAP.ASM
D:\SOURCES\LEKMOD_GIT\CHECKOUT\LEKMOD_DLL\BUILDTEMP\VS2013_CVGAMECOREDLL_EXPANSION2DEBUGWIN32\CVMAP.OBJ
D:\SOURCES\LEKMOD_GIT\CHECKOUT\LEKMOD_DLL\BUILDTEMP\VS2013_CVGAMECOREDLL_EXPANSION2DEBUGWIN32\CVMAPGENERATOR.ASM
D:\SOURCES\LEKMOD_GIT\CHECKOUT\LEKMOD_DLL\BUILDTEMP\VS2013_CVGAMECOREDLL_EXPANSION2DEBUGWIN32\CVMAPGENERATOR.OBJ
D:\SOURCES\LEKMOD_GIT\CHECKOUT\LEKMOD_DLL\BUILDTEMP\VS2013_CVGAMECOREDLL_EXPANSION2DEBUGWIN32\CVMILITARYAI.ASM
D:\SOURCES\LEKMOD_GIT\CHECKOUT\LEKMOD_DLL\BUILDTEMP\VS2013_CVGAMECOREDLL_EXPANSION2DEBUGWIN32\CVMILITARYAI.OBJ
D:\SOURCES\LEKMOD_GIT\CHECKOUT\LEKMOD_DLL\BUILDTEMP\VS2013_CVGAMECOREDLL_EXPANSION2DEBUGWIN32\CVMINORCIVAI.ASM
D:\SOURCES\LEKMOD_GIT\CHECKOUT\LEKMOD_DLL\BUILDTEMP\VS2013_CVGAMECOREDLL_EXPANSION2DEBUGWIN32\CVMINORCIVAI.OBJ
D:\SOURCES\LEKMOD_GIT\CHECKOUT\LEKMOD_DLL\BUILDTEMP\VS2013_CVGAMECOREDLL_EXPANSION2DEBUGWIN32\CVNOTIFICATIONCLASSES.ASM
D:\SOURCES\LEKMOD_GIT\CHECKOUT\LEKMOD_DLL\BUILDTEMP\VS2013_CVGAMECOREDLL_EXPANSION2DEBUGWIN32\CVNOTIFICATIONCLASSES.OBJ
D:\SOURCES\LEKMOD_GIT\CHECKOUT\LEKMOD_DLL\BUILDTEMP\VS2013_CVGAMECOREDLL_EXPANSION2DEBUGWIN32\CVNOTIFICATIONS.ASM
D:\SOURCES\LEKMOD_GIT\CHECKOUT\LEKMOD_DLL\BUILDTEMP\VS2013_CVGAMECOREDLL_EXPANSION2DEBUGWIN32\CVNOTIFICATIONS.OBJ
D:\SOURCES\LEKMOD_GIT\CHECKOUT\LEKMOD_DLL\BUILDTEMP\VS2013_CVGAMECOREDLL_EXPANSION2DEBUGWIN32\CVPLAYER.ASM
D:\SOURCES\LEKMOD_GIT\CHECKOUT\LEKMOD_DLL\BUILDTEMP\VS2013_CVGAMECOREDLL_EXPANSION2DEBUGWIN32\CVPLAYER.OBJ
D:\SOURCES\LEKMOD_GIT\CHECKOUT\LEKMOD_DLL\BUILDTEMP\VS2013_CVGAMECOREDLL_EXPANSION2DEBUGWIN32\CVPLAYERAI.ASM
D:\SOURCES\LEKMOD_GIT\CHECKOUT\LEKMOD_DLL\BUILDTEMP\VS2013_CVGAMECOREDLL_EXPANSION2DEBUGWIN32\CVPLAYERAI.OBJ
D:\SOURCES\LEKMOD_GIT\CHECKOUT\LEKMOD_DLL\BUILDTEMP\VS2013_CVGAMECOREDLL_EXPANSION2DEBUGWIN32\CVPLAYERMANAGER.ASM
D:\SOURCES\LEKMOD_GIT\CHECKOUT\LEKMOD_DLL\BUILDTEMP\VS2013_CVGAMECOREDLL_EXPANSION2DEBUGWIN32\CVPLAYERMANAGER.OBJ
D:\SOURCES\LEKMOD_GIT\CHECKOUT\LEKMOD_DLL\BUILDTEMP\VS2013_CVGAMECOREDLL_EXPANSION2DEBUGWIN32\CVPLOT.ASM
D:\SOURCES\LEKMOD_GIT\CHECKOUT\LEKMOD_DLL\BUILDTEMP\VS2013_CVGAMECOREDLL_EXPANSION2DEBUGWIN32\CVPLOT.OBJ
D:\SOURCES\LEKMOD_GIT\CHECKOUT\LEKMOD_DLL\BUILDTEMP\VS2013_CVGAMECOREDLL_EXPANSION2DEBUGWIN32\CVPLOTMANAGER.ASM
D:\SOURCES\LEKMOD_GIT\CHECKOUT\LEKMOD_DLL\BUILDTEMP\VS2013_CVGAMECOREDLL_EXPANSION2DEBUGWIN32\CVPLOTMANAGER.OBJ
D:\SOURCES\LEKMOD_GIT\CHECKOUT\LEKMOD_DLL\BUILDTEMP\VS2013_CVGAMECOREDLL_EXPANSION2DEBUGWIN32\CVPOLICYAI.ASM
D:\SOURCES\LEKMOD_GIT\CHECKOUT\LEKMOD_DLL\BUILDTEMP\VS2013_CVGAMECOREDLL_EXPANSION2DEBUGWIN32\CVPOLICYAI.OBJ
D:\SOURCES\LEKMOD_GIT\CHECKOUT\LEKMOD_DLL\BUILDTEMP\VS2013_CVGAMECOREDLL_EXPANSION2DEBUGWIN32\CVPOLICYCLASSES.ASM
D:\SOURCES\LEKMOD_GIT\CHECKOUT\LEKMOD_DLL\BUILDTEMP\VS2013_CVGAMECOREDLL_EXPANSION2DEBUGWIN32\CVPOLICYCLASSES.OBJ
D:\SOURCES\LEKMOD_GIT\CHECKOUT\LEKMOD_DLL\BUILDTEMP\VS2013_CVGAMECOREDLL_EXPANSION2DEBUGWIN32\CVPOPUPINFOSERIALIZATION.ASM
D:\SOURCES\LEKMOD_GIT\CHECKOUT\LEKMOD_DLL\BUILDTEMP\VS2013_CVGAMECOREDLL_EXPANSION2DEBUGWIN32\CVPOPUPINFOSERIALIZATION.OBJ
D:\SOURCES\LEKMOD_GIT\CHECKOUT\LEKMOD_DLL\BUILDTEMP\VS2013_CVGAMECOREDLL_EXPANSION2DEBUGWIN32\CVPOPUPRETURN.ASM
D:\SOURCES\LEKMOD_GIT\CHECKOUT\LEKMOD_DLL\BUILDTEMP\VS2013_CVGAMECOREDLL_EXPANSION2DEBUGWIN32\CVPOPUPRETURN.OBJ
D:\SOURCES\LEKMOD_GIT\CHECKOUT\LEKMOD_DLL\BUILDTEMP\VS2013_CVGAMECOREDLL_EXPANSION2DEBUGWIN32\CVPREGAME.ASM
D:\SOURCES\LEKMOD_GIT\CHECKOUT\LEKMOD_DLL\BUILDTEMP\VS2013_CVGAMECOREDLL_EXPANSION2DEBUGWIN32\CVPREGAME.OBJ
D:\SOURCES\LEKMOD_GIT\CHECKOUT\LEKMOD_DLL\BUILDTEMP\VS2013_CVGAMECOREDLL_EXPANSION2DEBUGWIN32\CVPROCESSPRODUCTIONAI.ASM
D:\SOURCES\LEKMOD_GIT\CHECKOUT\LEKMOD_DLL\BUILDTEMP\VS2013_CVGAMECOREDLL_EXPANSION2DEBUGWIN32\CVPROCESSPRODUCTIONAI.OBJ
D:\SOURCES\LEKMOD_GIT\CHECKOUT\LEKMOD_DLL\BUILDTEMP\VS2013_CVGAMECOREDLL_EXPANSION2DEBUGWIN32\CVPROJECTCLASSES.ASM
D:\SOURCES\LEKMOD_GIT\CHECKOUT\LEKMOD_DLL\BUILDTEMP\VS2013_CVGAMECOREDLL_EXPANSION2DEBUGWIN32\CVPROJECTCLASSES.OBJ
D:\SOURCES\LEKMOD_GIT\CHECKOUT\LEKMOD_DLL\BUILDTEMP\VS2013_CVGAMECOREDLL_EXPANSION2DEBUGWIN32\CVPROJECTPRODUCTIONAI.ASM
D:\SOURCES\LEKMOD_GIT\CHECKOUT\LEKMOD_DLL\BUILDTEMP\VS2013_CVGAMECOREDLL_EXPANSION2DEBUGWIN32\CVPROJECTPRODUCTIONAI.OBJ
D:\SOURCES\LEKMOD_GIT\CHECKOUT\LEKMOD_DLL\BUILDTEMP\VS2013_CVGAMECOREDLL_EXPANSION2DEBUGWIN32\CVPROMOTIONCLASSES.ASM
D:\SOURCES\LEKMOD_GIT\CHECKOUT\LEKMOD_DLL\BUILDTEMP\VS2013_CVGAMECOREDLL_EXPANSION2DEBUGWIN32\CVPROMOTIONCLASSES.OBJ
D:\SOURCES\LEKMOD_GIT\CHECKOUT\LEKMOD_DLL\BUILDTEMP\VS2013_CVGAMECOREDLL_EXPANSION2DEBUGWIN32\CVRANDOM.ASM
D:\SOURCES\LEKMOD_GIT\CHECKOUT\LEKMOD_DLL\BUILDTEMP\VS2013_CVGAMECOREDLL_EXPANSION2DEBUGWIN32\CVRANDOM.OBJ
D:\SOURCES\LEKMOD_GIT\CHECKOUT\LEKMOD_DLL\BUILDTEMP\VS2013_CVGAMECOREDLL_EXPANSION2DEBUGWIN32\CVRELIGIONCLASSES.ASM
D:\SOURCES\LEKMOD_GIT\CHECKOUT\LEKMOD_DLL\BUILDTEMP\VS2013_CVGAMECOREDLL_EXPANSION2DEBUGWIN32\CVRELIGIONCLASSES.OBJ
D:\SOURCES\LEKMOD_GIT\CHECKOUT\LEKMOD_DLL\BUILDTEMP\VS2013_CVGAMECOREDLL_EXPANSION2DEBUGWIN32\CVREPLAYINFO.ASM
D:\SOURCES\LEKMOD_GIT\CHECKOUT\LEKMOD_DLL\BUILDTEMP\VS2013_CVGAMECOREDLL_EXPANSION2DEBUGWIN32\CVREPLAYINFO.OBJ
D:\SOURCES\LEKMOD_GIT\CHECKOUT\LEKMOD_DLL\BUILDTEMP\VS2013_CVGAMECOREDLL_EXPANSION2DEBUGWIN32\CVREPLAYMESSAGE.ASM
D:\SOURCES\LEKMOD_GIT\CHECKOUT\LEKMOD_DLL\BUILDTEMP\VS2013_CVGAMECOREDLL_EXPANSION2DEBUGWIN32\CVREPLAYMESSAGE.OBJ
D:\SOURCES\LEKMOD_GIT\CHECKOUT\LEKMOD_DLL\BUILDTEMP\VS2013_CVGAMECOREDLL_EXPANSION2DEBUGWIN32\CVSITEEVALUATIONCLASSES.ASM
D:\SOURCES\LEKMOD_GIT\CHECKOUT\LEKMOD_DLL\BUILDTEMP\VS2013_CVGAMECOREDLL_EXPANSION2DEBUGWIN32\CVSITEEVALUATIONCLASSES.OBJ
D:\SOURCES\LEKMOD_GIT\CHECKOUT\LEKMOD_DLL\BUILDTEMP\VS2013_CVGAMECOREDLL_EXPANSION2DEBUGWIN32\CVSTARTPOSITIONER.ASM
D:\SOURCES\LEKMOD_GIT\CHECKOUT\LEKMOD_DLL\BUILDTEMP\VS2013_CVGAMECOREDLL_EXPANSION2DEBUGWIN32\CVSTARTPOSITIONER.OBJ
D:\SOURCES\LEKMOD_GIT\CHECKOUT\LEKMOD_DLL\BUILDTEMP\VS2013_CVGAMECOREDLL_EXPANSION2DEBUGWIN32\CVSTOPWATCH.ASM
D:\SOURCES\LEKMOD_GIT\CHECKOUT\LEKMOD_DLL\BUILDTEMP\VS2013_CVGAMECOREDLL_EXPANSION2DEBUGWIN32\CVSTOPWATCH.OBJ
D:\SOURCES\LEKMOD_GIT\CHECKOUT\LEKMOD_DLL\BUILDTEMP\VS2013_CVGAMECOREDLL_EXPANSION2DEBUGWIN32\CVSTRUCTS.ASM
D:\SOURCES\LEKMOD_GIT\CHECKOUT\LEKMOD_DLL\BUILDTEMP\VS2013_CVGAMECOREDLL_EXPANSION2DEBUGWIN32\CVSTRUCTS.OBJ
D:\SOURCES\LEKMOD_GIT\CHECKOUT\LEKMOD_DLL\BUILDTEMP\VS2013_CVGAMECOREDLL_EXPANSION2DEBUGWIN32\CVTACTICALAI.ASM
D:\SOURCES\LEKMOD_GIT\CHECKOUT\LEKMOD_DLL\BUILDTEMP\VS2013_CVGAMECOREDLL_EXPANSION2DEBUGWIN32\CVTACTICALAI.OBJ
D:\SOURCES\LEKMOD_GIT\CHECKOUT\LEKMOD_DLL\BUILDTEMP\VS2013_CVGAMECOREDLL_EXPANSION2DEBUGWIN32\CVTACTICALANALYSISMAP.ASM
D:\SOURCES\LEKMOD_GIT\CHECKOUT\LEKMOD_DLL\BUILDTEMP\VS2013_CVGAMECOREDLL_EXPANSION2DEBUGWIN32\CVTACTICALANALYSISMAP.OBJ
D:\SOURCES\LEKMOD_GIT\CHECKOUT\LEKMOD_DLL\BUILDTEMP\VS2013_CVGAMECOREDLL_EXPANSION2DEBUGWIN32\CVTARGETING.ASM
D:\SOURCES\LEKMOD_GIT\CHECKOUT\LEKMOD_DLL\BUILDTEMP\VS2013_CVGAMECOREDLL_EXPANSION2DEBUGWIN32\CVTARGETING.OBJ
D:\SOURCES\LEKMOD_GIT\CHECKOUT\LEKMOD_DLL\BUILDTEMP\VS2013_CVGAMECOREDLL_EXPANSION2DEBUGWIN32\CVTEAM.ASM
D:\SOURCES\LEKMOD_GIT\CHECKOUT\LEKMOD_DLL\BUILDTEMP\VS2013_CVGAMECOREDLL_EXPANSION2DEBUGWIN32\CVTEAM.OBJ
D:\SOURCES\LEKMOD_GIT\CHECKOUT\LEKMOD_DLL\BUILDTEMP\VS2013_CVGAMECOREDLL_EXPANSION2DEBUGWIN32\CVTECHAI.ASM
D:\SOURCES\LEKMOD_GIT\CHECKOUT\LEKMOD_DLL\BUILDTEMP\VS2013_CVGAMECOREDLL_EXPANSION2DEBUGWIN32\CVTECHAI.OBJ
D:\SOURCES\LEKMOD_GIT\CHECKOUT\LEKMOD_DLL\BUILDTEMP\VS2013_CVGAMECOREDLL_EXPANSION2DEBUGWIN32\CVTECHCLASSES.ASM
D:\SOURCES\LEKMOD_GIT\CHECKOUT\LEKMOD_DLL\BUILDTEMP\VS2013_CVGAMECOREDLL_EXPANSION2DEBUGWIN32\CVTECHCLASSES.OBJ
D:\SOURCES\LEKMOD_GIT\CHECKOUT\LEKMOD_DLL\BUILDTEMP\VS2013_CVGAMECOREDLL_EXPANSION2DEBUGWIN32\CVTRADECLASSES.ASM
D:\SOURCES\LEKMOD_GIT\CHECKOUT\LEKMOD_DLL\BUILDTEMP\VS2013_CVGAMECOREDLL_EXPANSION2DEBUGWIN32\CVTRADECLASSES.OBJ
D:\SOURCES\LEKMOD_GIT\CHECKOUT\LEKMOD_DLL\BUILDTEMP\VS2013_CVGAMECOREDLL_EXPANSION2DEBUGWIN32\CVTRAITCLASSES.ASM
D:\SOURCES\LEKMOD_GIT\CHECKOUT\LEKMOD_DLL\BUILDTEMP\VS2013_CVGAMECOREDLL_EXPANSION2DEBUGWIN32\CVTRAITCLASSES.OBJ
D:\SOURCES\LEKMOD_GIT\CHECKOUT\LEKMOD_DLL\BUILDTEMP\VS2013_CVGAMECOREDLL_EXPANSION2DEBUGWIN32\CVTREASURY.ASM
D:\SOURCES\LEKMOD_GIT\CHECKOUT\LEKMOD_DLL\BUILDTEMP\VS2013_CVGAMECOREDLL_EXPANSION2DEBUGWIN32\CVTREASURY.OBJ
D:\SOURCES\LEKMOD_GIT\CHECKOUT\LEKMOD_DLL\BUILDTEMP\VS2013_CVGAMECOREDLL_EXPANSION2DEBUGWIN32\CVTYPES.ASM
D:\SOURCES\LEKMOD_GIT\CHECKOUT\LEKMOD_DLL\BUILDTEMP\VS2013_CVGAMECOREDLL_EXPANSION2DEBUGWIN32\CVTYPES.OBJ
D:\SOURCES\LEKMOD_GIT\CHECKOUT\LEKMOD_DLL\BUILDTEMP\VS2013_CVGAMECOREDLL_EXPANSION2DEBUGWIN32\CVUNIT.ASM
D:\SOURCES\LEKMOD_GIT\CHECKOUT\LEKMOD_DLL\BUILDTEMP\VS2013_CVGAMECOREDLL_EXPANSION2DEBUGWIN32\CVUNIT.OBJ
D:\SOURCES\LEKMOD_GIT\CHECKOUT\LEKMOD_DLL\BUILDTEMP\VS2013_CVGAMECOREDLL_EXPANSION2DEBUGWIN32\CVUNITCLASSES.ASM
D:\SOURCES\LEKMOD_GIT\CHECKOUT\LEKMOD_DLL\BUILDTEMP\VS2013_CVGAMECOREDLL_EXPANSION2DEBUGWIN32\CVUNITCLASSES.OBJ
D:\SOURCES\LEKMOD_GIT\CHECKOUT\LEKMOD_DLL\BUILDTEMP\VS2013_CVGAMECOREDLL_EXPANSION2DEBUGWIN32\CVUNITCOMBAT.ASM
D:\SOURCES\LEKMOD_GIT\CHECKOUT\LEKMOD_DLL\BUILDTEMP\VS2013_CVGAMECOREDLL_EXPANSION2DEBUGWIN32\CVUNITCOMBAT.OBJ
D:\SOURCES\LEKMOD_GIT\CHECKOUT\LEKMOD_DLL\BUILDTEMP\VS2013_CVGAMECOREDLL_EXPANSION2DEBUGWIN32\CVUNITCYCLER.ASM
D:\SOURCES\LEKMOD_GIT\CHECKOUT\LEKMOD_DLL\BUILDTEMP\VS2013_CVGAMECOREDLL_EXPANSION2DEBUGWIN32\CVUNITCYCLER.OBJ
D:\SOURCES\LEKMOD_GIT\CHECKOUT\LEKMOD_DLL\BUILDTEMP\VS2013_CVGAMECOREDLL_EXPANSION2DEBUGWIN32\CVUNITMISSION.ASM
D:\SOURCES\LEKMOD_GIT\CHECKOUT\LEKMOD_DLL\BUILDTEMP\VS2013_CVGAMECOREDLL_EXPANSION2DEBUGWIN32\CVUNITMISSION.OBJ
D:\SOURCES\LEKMOD_GIT\CHECKOUT\LEKMOD_DLL\BUILDTEMP\VS2013_CVGAMECOREDLL_EXPANSION2DEBUGWIN32\CVUNITMOVEMENT.ASM
D:\SOURCES\LEKMOD_GIT\CHECKOUT\LEKMOD_DLL\BUILDTEMP\VS2013_CVGAMECOREDLL_EXPANSION2DEBUGWIN32\CVUNITMOVEMENT.OBJ
D:\SOURCES\LEKMOD_GIT\CHECKOUT\LEKMOD_DLL\BUILDTEMP\VS2013_CVGAMECOREDLL_EXPANSION2DEBUGWIN32\CVUNITPRODUCTIONAI.ASM
D:\SOURCES\LEKMOD_GIT\CHECKOUT\LEKMOD_DLL\BUILDTEMP\VS2013_CVGAMECOREDLL_EXPANSION2DEBUGWIN32\CVUNITPRODUCTIONAI.OBJ
D:\SOURCES\LEKMOD_GIT\CHECKOUT\LEKMOD_DLL\BUILDTEMP\VS2013_CVGAMECOREDLL_EXPANSION2DEBUGWIN32\CVVOTINGCLASSES.ASM
D:\SOURCES\LEKMOD_GIT\CHECKOUT\LEKMOD_DLL\BUILDTEMP\VS2013_CVGAMECOREDLL_EXPANSION2DEBUGWIN32\CVVOTINGCLASSES.OBJ
D:\SOURCES\LEKMOD_GIT\CHECKOUT\LEKMOD_DLL\BUILDTEMP\VS2013_CVGAMECOREDLL_EXPANSION2DEBUGWIN32\CVWONDERPRODUCTIONAI.ASM
D:\SOURCES\LEKMOD_GIT\CHECKOUT\LEKMOD_DLL\BUILDTEMP\VS2013_CVGAMECOREDLL_EXPANSION2DEBUGWIN32\CVWONDERPRODUCTIONAI.OBJ
D:\SOURCES\LEKMOD_GIT\CHECKOUT\LEKMOD_DLL\BUILDTEMP\VS2013_CVGAMECOREDLL_EXPANSION2DEBUGWIN32\CVWORLDBUILDERMAPLOADER.ASM
D:\SOURCES\LEKMOD_GIT\CHECKOUT\LEKMOD_DLL\BUILDTEMP\VS2013_CVGAMECOREDLL_EXPANSION2DEBUGWIN32\CVWORLDBUILDERMAPLOADER.OBJ
D:\sources\Lekmod_git\checkout\LEKMOD_DLL\BuildTemp\VS2013_CvGameCoreDLL_Expansion2DebugWin32\link.command.1.tlog
D:\sources\Lekmod_git\checkout\LEKMOD_DLL\BuildTemp\VS2013_CvGameCoreDLL_Expansion2DebugWin32\link.read.1.tlog
D:\sources\Lekmod_git\checkout\LEKMOD_DLL\BuildTemp\VS2013_CvGameCoreDLL_Expansion2DebugWin32\link.write.1.tlog
D:\sources\Lekmod_git\checkout\LEKMOD_DLL\BuildTemp\VS2013_CvGameCoreDLL_Expansion2DebugWin32\link-cvtres.read.1.tlog
D:\sources\Lekmod_git\checkout\LEKMOD_DLL\BuildTemp\VS2013_CvGameCoreDLL_Expansion2DebugWin32\link-cvtres.write.1.tlog
D:\sources\Lekmod_git\checkout\LEKMOD_DLL\BuildTemp\VS2013_CvGameCoreDLL_Expansion2DebugWin32\mt.command.1.tlog
D:\sources\Lekmod_git\checkout\LEKMOD_DLL\BuildTemp\VS2013_CvGameCoreDLL_Expansion2DebugWin32\mt.read.1.tlog
D:\sources\Lekmod_git\checkout\LEKMOD_DLL\BuildTemp\VS2013_CvGameCoreDLL_Expansion2DebugWin32\mt.write.1.tlog
D:\sources\Lekmod_git\checkout\LEKMOD_DLL\BuildTemp\VS2013_CvGameCoreDLL_Expansion2DebugWin32\rc.command.1.tlog
D:\sources\Lekmod_git\checkout\LEKMOD_DLL\BuildTemp\VS2013_CvGameCoreDLL_Expansion2DebugWin32\rc.read.1.tlog
D:\sources\Lekmod_git\checkout\LEKMOD_DLL\BuildTemp\VS2013_CvGameCoreDLL_Expansion2DebugWin32\rc.write.1.tlog
D:\SOURCES\LEKMOD_GIT\CHECKOUT\LEKMOD_DLL\BUILDTEMP\VS2013_CVGAMECOREDLL_EXPANSION2DEBUGWIN32\VC90.PDB
